Determining if the pthread_create exist failed with the following output:
Change Dir: /home/maru/Documents/RC/code/OpenGL/rendering-engine/lib/glfw-3.2.1/CMakeFiles/CMakeTmp

Run Build Command:"/usr/bin/make" "cmTC_7302a/fast"
/usr/bin/make -f CMakeFiles/cmTC_7302a.dir/build.make CMakeFiles/cmTC_7302a.dir/build
make[1]: Entering directory '/home/maru/Documents/RC/code/OpenGL/rendering-engine/lib/glfw-3.2.1/CMakeFiles/CMakeTmp'
Building C object CMakeFiles/cmTC_7302a.dir/CheckSymbolExists.c.o
/usr/bin/cc     -o CMakeFiles/cmTC_7302a.dir/CheckSymbolExists.c.o   -c /home/maru/Documents/RC/code/OpenGL/rendering-engine/lib/glfw-3.2.1/CMakeFiles/CMakeTmp/CheckSymbolExists.c
Linking C executable cmTC_7302a
/usr/bin/cmake -E cmake_link_script CMakeFiles/cmTC_7302a.dir/link.txt --verbose=1
/usr/bin/cc       CMakeFiles/cmTC_7302a.dir/CheckSymbolExists.c.o  -o cmTC_7302a -rdynamic 
CMakeFiles/cmTC_7302a.dir/CheckSymbolExists.c.o: In function `main':
CheckSymbolExists.c:(.text+0x16): undefined reference to `pthread_create'
collect2: error: ld returned 1 exit status
CMakeFiles/cmTC_7302a.dir/build.make:97: recipe for target 'cmTC_7302a' failed
make[1]: *** [cmTC_7302a] Error 1
make[1]: Leaving directory '/home/maru/Documents/RC/code/OpenGL/rendering-engine/lib/glfw-3.2.1/CMakeFiles/CMakeTmp'
Makefile:126: recipe for target 'cmTC_7302a/fast' failed
make: *** [cmTC_7302a/fast] Error 2

File /home/maru/Documents/RC/code/OpenGL/rendering-engine/lib/glfw-3.2.1/CMakeFiles/CMakeTmp/CheckSymbolExists.c:
/* */
#include <pthread.h>

int main(int argc, char** argv)
{
  (void)argv;
#ifndef pthread_create
  return ((int*)(&pthread_create))[argc];
#else
  (void)argc;
  return 0;
#endif
}

Determining if the function pthread_create exists in the pthreads failed with the following output:
Change Dir: /home/maru/Documents/RC/code/OpenGL/rendering-engine/lib/glfw-3.2.1/CMakeFiles/CMakeTmp

Run Build Command:"/usr/bin/make" "cmTC_e4fe8/fast"
/usr/bin/make -f CMakeFiles/cmTC_e4fe8.dir/build.make CMakeFiles/cmTC_e4fe8.dir/build
make[1]: Entering directory '/home/maru/Documents/RC/code/OpenGL/rendering-engine/lib/glfw-3.2.1/CMakeFiles/CMakeTmp'
Building C object CMakeFiles/cmTC_e4fe8.dir/CheckFunctionExists.c.o
/usr/bin/cc    -DCHECK_FUNCTION_EXISTS=pthread_create   -o CMakeFiles/cmTC_e4fe8.dir/CheckFunctionExists.c.o   -c /usr/share/cmake-3.5/Modules/CheckFunctionExists.c
Linking C executable cmTC_e4fe8
/usr/bin/cmake -E cmake_link_script CMakeFiles/cmTC_e4fe8.dir/link.txt --verbose=1
/usr/bin/cc   -DCHECK_FUNCTION_EXISTS=pthread_create    CMakeFiles/cmTC_e4fe8.dir/CheckFunctionExists.c.o  -o cmTC_e4fe8 -rdynamic -lpthreads 
/usr/bin/ld: cannot find -lpthreads
collect2: error: ld returned 1 exit status
CMakeFiles/cmTC_e4fe8.dir/build.make:97: recipe for target 'cmTC_e4fe8' failed
make[1]: *** [cmTC_e4fe8] Error 1
make[1]: Leaving directory '/home/maru/Documents/RC/code/OpenGL/rendering-engine/lib/glfw-3.2.1/CMakeFiles/CMakeTmp'
Makefile:126: recipe for target 'cmTC_e4fe8/fast' failed
make: *** [cmTC_e4fe8/fast] Error 2


Determining if the pthread_create exist failed with the following output:
Change Dir: /home/maru/Documents/RC/code/OpenGL/engine/lib/glfw-3.2.1/CMakeFiles/CMakeTmp

Run Build Command:"/usr/bin/make" "cmTC_11222/fast"
/usr/bin/make -f CMakeFiles/cmTC_11222.dir/build.make CMakeFiles/cmTC_11222.dir/build
make[1]: Entering directory '/home/maru/Documents/RC/code/OpenGL/engine/lib/glfw-3.2.1/CMakeFiles/CMakeTmp'
Building C object CMakeFiles/cmTC_11222.dir/CheckSymbolExists.c.o
/usr/bin/cc     -o CMakeFiles/cmTC_11222.dir/CheckSymbolExists.c.o   -c /home/maru/Documents/RC/code/OpenGL/engine/lib/glfw-3.2.1/CMakeFiles/CMakeTmp/CheckSymbolExists.c
Linking C executable cmTC_11222
/usr/bin/cmake -E cmake_link_script CMakeFiles/cmTC_11222.dir/link.txt --verbose=1
/usr/bin/cc       CMakeFiles/cmTC_11222.dir/CheckSymbolExists.c.o  -o cmTC_11222 -rdynamic 
CMakeFiles/cmTC_11222.dir/CheckSymbolExists.c.o: In function `main':
CheckSymbolExists.c:(.text+0x16): undefined reference to `pthread_create'
collect2: error: ld returned 1 exit status
CMakeFiles/cmTC_11222.dir/build.make:97: recipe for target 'cmTC_11222' failed
make[1]: *** [cmTC_11222] Error 1
make[1]: Leaving directory '/home/maru/Documents/RC/code/OpenGL/engine/lib/glfw-3.2.1/CMakeFiles/CMakeTmp'
Makefile:126: recipe for target 'cmTC_11222/fast' failed
make: *** [cmTC_11222/fast] Error 2

File /home/maru/Documents/RC/code/OpenGL/engine/lib/glfw-3.2.1/CMakeFiles/CMakeTmp/CheckSymbolExists.c:
/* */
#include <pthread.h>

int main(int argc, char** argv)
{
  (void)argv;
#ifndef pthread_create
  return ((int*)(&pthread_create))[argc];
#else
  (void)argc;
  return 0;
#endif
}

Determining if the function pthread_create exists in the pthreads failed with the following output:
Change Dir: /home/maru/Documents/RC/code/OpenGL/engine/lib/glfw-3.2.1/CMakeFiles/CMakeTmp

Run Build Command:"/usr/bin/make" "cmTC_6d5f0/fast"
/usr/bin/make -f CMakeFiles/cmTC_6d5f0.dir/build.make CMakeFiles/cmTC_6d5f0.dir/build
make[1]: Entering directory '/home/maru/Documents/RC/code/OpenGL/engine/lib/glfw-3.2.1/CMakeFiles/CMakeTmp'
Building C object CMakeFiles/cmTC_6d5f0.dir/CheckFunctionExists.c.o
/usr/bin/cc    -DCHECK_FUNCTION_EXISTS=pthread_create   -o CMakeFiles/cmTC_6d5f0.dir/CheckFunctionExists.c.o   -c /usr/share/cmake-3.5/Modules/CheckFunctionExists.c
Linking C executable cmTC_6d5f0
/usr/bin/cmake -E cmake_link_script CMakeFiles/cmTC_6d5f0.dir/link.txt --verbose=1
/usr/bin/cc   -DCHECK_FUNCTION_EXISTS=pthread_create    CMakeFiles/cmTC_6d5f0.dir/CheckFunctionExists.c.o  -o cmTC_6d5f0 -rdynamic -lpthreads 
/usr/bin/ld: cannot find -lpthreads
collect2: error: ld returned 1 exit status
CMakeFiles/cmTC_6d5f0.dir/build.make:97: recipe for target 'cmTC_6d5f0' failed
make[1]: *** [cmTC_6d5f0] Error 1
make[1]: Leaving directory '/home/maru/Documents/RC/code/OpenGL/engine/lib/glfw-3.2.1/CMakeFiles/CMakeTmp'
Makefile:126: recipe for target 'cmTC_6d5f0/fast' failed
make: *** [cmTC_6d5f0/fast] Error 2


